<?xml version="1.0" encoding="UTF-8"?>
<testng-results ignored="0" total="3" passed="3" failed="0" skipped="0">
  <reporter-output>
  </reporter-output>
  <suite started-at="2020-04-27T20:31:39Z" name="All Test Suite" finished-at="2020-04-27T20:32:50Z" duration-ms="70143">
    <groups>
    </groups>
    <test started-at="2020-04-27T20:31:39Z" name="Dashboard Test" finished-at="2020-04-27T20:31:59Z" duration-ms="19446">
      <class name="Dashboard">
        <test-method is-config="true" signature="initialize()[pri:0, instance:Dashboard@58ce9668]" started-at="2020-04-27T20:31:39Z" name="initialize" finished-at="2020-04-27T20:31:50Z" duration-ms="10310" status="PASS">
          <reporter-output>
          </reporter-output>
        </test-method> <!-- initialize -->
        <test-method signature="dashboardPage()[pri:0, instance:Dashboard@58ce9668]" started-at="2020-04-27T20:31:50Z" name="dashboardPage" finished-at="2020-04-27T20:31:59Z" duration-ms="9016" status="PASS">
          <reporter-output>
          </reporter-output>
        </test-method> <!-- dashboardPage -->
        <test-method is-config="true" signature="teardown()[pri:0, instance:Dashboard@58ce9668]" started-at="2020-04-27T20:31:59Z" name="teardown" finished-at="2020-04-27T20:31:59Z" duration-ms="104" status="PASS">
          <reporter-output>
          </reporter-output>
        </test-method> <!-- teardown -->
      </class> <!-- Dashboard -->
    </test> <!-- Dashboard Test -->
    <test started-at="2020-04-27T20:31:59Z" name="Placeholder" finished-at="2020-04-27T20:32:22Z" duration-ms="23490">
      <class name="Placeholder">
        <test-method is-config="true" signature="initialize()[pri:0, instance:Placeholder@4716be8b]" started-at="2020-04-27T20:31:59Z" name="initialize" finished-at="2020-04-27T20:32:08Z" duration-ms="9460" status="PASS">
          <reporter-output>
          </reporter-output>
        </test-method> <!-- initialize -->
        <test-method signature="Placeholder()[pri:0, instance:Placeholder@4716be8b]" started-at="2020-04-27T20:32:08Z" name="Placeholder" finished-at="2020-04-27T20:32:22Z" duration-ms="13963" status="PASS">
          <reporter-output>
          </reporter-output>
        </test-method> <!-- Placeholder -->
        <test-method is-config="true" signature="teardown()[pri:0, instance:Placeholder@4716be8b]" started-at="2020-04-27T20:32:22Z" name="teardown" finished-at="2020-04-27T20:32:22Z" duration-ms="67" status="PASS">
          <reporter-output>
          </reporter-output>
        </test-method> <!-- teardown -->
      </class> <!-- Placeholder -->
    </test> <!-- Placeholder -->
    <test started-at="2020-04-27T20:32:22Z" name="TRF" finished-at="2020-04-27T20:32:50Z" duration-ms="27161">
      <class name="TrfManagement">
        <test-method is-config="true" signature="initialize()[pri:0, instance:TrfManagement@ca30bc1]" started-at="2020-04-27T20:32:22Z" name="initialize" finished-at="2020-04-27T20:32:32Z" duration-ms="9463" status="PASS">
          <reporter-output>
          </reporter-output>
        </test-method> <!-- initialize -->
        <test-method signature="TrfTab()[pri:0, instance:TrfManagement@ca30bc1]" started-at="2020-04-27T20:32:32Z" name="TrfTab" finished-at="2020-04-27T20:32:50Z" duration-ms="17631" status="PASS">
          <reporter-output>
          </reporter-output>
        </test-method> <!-- TrfTab -->
        <test-method is-config="true" signature="teardown()[pri:0, instance:TrfManagement@ca30bc1]" started-at="2020-04-27T20:32:50Z" name="teardown" finished-at="2020-04-27T20:32:50Z" duration-ms="67" status="PASS">
          <reporter-output>
          </reporter-output>
        </test-method> <!-- teardown -->
      </class> <!-- TrfManagement -->
    </test> <!-- TRF -->
  </suite> <!-- All Test Suite -->
</testng-results>
