<?xml version="1.0" encoding="UTF-8"?>
<testsuite xmlns:xsi="http://www.w3.org/2001/XMLSchema-instance" xsi:noNamespaceSchemaLocation="https://maven.apache.org/surefire/maven-surefire-plugin/xsd/surefire-test-report-3.0.xsd" version="3.0" name="TestSuite" time="71.702" tests="3" errors="0" skipped="0" failures="0">
  <properties>
[...]
</properties>
  <testcase name="dashboardPage" classname="Dashboard" time="9.017"/>
  <testcase name="Placeholder" classname="Placeholder" time="13.963"/>
  <testcase name="TrfTab" classname="TrfManagement" time="17.63"/>
</testsuite>