<?xml version="1.0" encoding="UTF-8"?>
<testng-results ignored="0" total="3" passed="3" failed="0" skipped="0">
  <reporter-output>
  </reporter-output>
  <suite started-at="2020-04-28T04:24:52Z" name="All Test Suite" finished-at="2020-04-28T04:26:00Z" duration-ms="68131">
    <groups>
    </groups>
    <test started-at="2020-04-28T04:24:52Z" name="Dashboard Test" finished-at="2020-04-28T04:25:11Z" duration-ms="19643">
      <class name="Dashboard">
        <test-method is-config="true" signature="initialize()[pri:0, instance:Dashboard@352c1b98]" started-at="2020-04-28T04:24:52Z" name="initialize" finished-at="2020-04-28T04:25:02Z" duration-ms="9947" status="PASS">
          <reporter-output>
          </reporter-output>
        </test-method> <!-- initialize -->
        <test-method signature="dashboardPage()[pri:0, instance:Dashboard@352c1b98]" started-at="2020-04-28T04:25:02Z" name="dashboardPage" finished-at="2020-04-28T04:25:11Z" duration-ms="9613" status="PASS">
          <reporter-output>
          </reporter-output>
        </test-method> <!-- dashboardPage -->
        <test-method is-config="true" signature="teardown()[pri:0, instance:Dashboard@352c1b98]" started-at="2020-04-28T04:25:11Z" name="teardown" finished-at="2020-04-28T04:25:11Z" duration-ms="67" status="PASS">
          <reporter-output>
          </reporter-output>
        </test-method> <!-- teardown -->
      </class> <!-- Dashboard -->
    </test> <!-- Dashboard Test -->
    <test started-at="2020-04-28T04:25:11Z" name="Placeholder" finished-at="2020-04-28T04:25:35Z" duration-ms="23466">
      <class name="Placeholder">
        <test-method is-config="true" signature="initialize()[pri:0, instance:Placeholder@3081f72c]" started-at="2020-04-28T04:25:11Z" name="initialize" finished-at="2020-04-28T04:25:21Z" duration-ms="9414" status="PASS">
          <reporter-output>
          </reporter-output>
        </test-method> <!-- initialize -->
        <test-method signature="Placeholder()[pri:0, instance:Placeholder@3081f72c]" started-at="2020-04-28T04:25:21Z" name="Placeholder" finished-at="2020-04-28T04:25:35Z" duration-ms="13991" status="PASS">
          <reporter-output>
          </reporter-output>
        </test-method> <!-- Placeholder -->
        <test-method is-config="true" signature="teardown()[pri:0, instance:Placeholder@3081f72c]" started-at="2020-04-28T04:25:35Z" name="teardown" finished-at="2020-04-28T04:25:35Z" duration-ms="60" status="PASS">
          <reporter-output>
          </reporter-output>
        </test-method> <!-- teardown -->
      </class> <!-- Placeholder -->
    </test> <!-- Placeholder -->
    <test started-at="2020-04-28T04:25:35Z" name="TRF" finished-at="2020-04-28T04:26:00Z" duration-ms="24978">
      <class name="TrfManagement">
        <test-method is-config="true" signature="initialize()[pri:0, instance:TrfManagement@5b67bb7e]" started-at="2020-04-28T04:25:35Z" name="initialize" finished-at="2020-04-28T04:25:44Z" duration-ms="9363" status="PASS">
          <reporter-output>
          </reporter-output>
        </test-method> <!-- initialize -->
        <test-method signature="TrfTab()[pri:0, instance:TrfManagement@5b67bb7e]" started-at="2020-04-28T04:25:44Z" name="TrfTab" finished-at="2020-04-28T04:26:00Z" duration-ms="15543" status="PASS">
          <reporter-output>
          </reporter-output>
        </test-method> <!-- TrfTab -->
        <test-method is-config="true" signature="teardown()[pri:0, instance:TrfManagement@5b67bb7e]" started-at="2020-04-28T04:26:00Z" name="teardown" finished-at="2020-04-28T04:26:00Z" duration-ms="71" status="PASS">
          <reporter-output>
          </reporter-output>
        </test-method> <!-- teardown -->
      </class> <!-- TrfManagement -->
    </test> <!-- TRF -->
  </suite> <!-- All Test Suite -->
</testng-results>
